[0:motion] [NTC] [ALL] [Jan 22 21:31:06] motion_startup: Motion 4.3.2 Started
[0:motion] [NTC] [ALL] [Jan 22 21:31:06] motion_startup: Using default log type (ALL)
[0:motion] [NTC] [ALL] [Jan 22 21:31:06] motion_startup: Using log type (ALL) log level (NTC)
[0:motion] [NTC] [STR] [Jan 22 21:31:06] webu_start_strm: Starting all camera streams on port 8082
[0:motion] [NTC] [STR] [Jan 22 21:31:06] webu_strm_ntc: Started camera 0 stream on port 8082
[0:motion] [NTC] [STR] [Jan 22 21:31:06] webu_start_ctrl: Starting webcontrol on port 8081
[0:motion] [NTC] [STR] [Jan 22 21:31:06] webu_start_ctrl: Started webcontrol on port 8081
[0:motion] [NTC] [ENC] [Jan 22 21:31:06] ffmpeg_global_init: ffmpeg libavcodec version 58.91.100 libavformat version 58.45.100
[0:motion] [NTC] [ALL] [1月 22 21:31:6] translate_init: 英语语言
[0:motion] [NTC] [ALL] [1月 22 21:31:6] motion_start_thread: 相机ID： 0来自 /etc/motion/motion.conf
[0:motion] [NTC] [ALL] [1月 22 21:31:6] motion_start_thread: 相机ID： 0相机名称： (null)设备： /dev/video0
[0:motion] [NTC] [ALL] [1月 22 21:31:6] main: 等待线程完成，pid： 24371
[1:ml1] [NTC] [ALL] [1月 22 21:31:6] motion_init: 相机 0已启动：运动检测 已启用
[1:ml1] [NTC] [VID] [1月 22 21:31:6] vid_start: 打开V4L2设备
[1:ml1] [NTC] [VID] [1月 22 21:31:6] v4l2_device_open: 使用视频设备 /dev/video0并输入 -1
[1:ml1] [NTC] [VID] [1月 22 21:31:6] v4l2_device_capability: - VIDEO_CAPTURE
[1:ml1] [NTC] [VID] [1月 22 21:31:6] v4l2_device_capability: - STREAMING
[1:ml1] [NTC] [VID] [1月 22 21:31:6] v4l2_input_select: 名称= " Camera 1 "-相机
[1:ml1] [NTC] [VID] [1月 22 21:31:6] v4l2_norm_select: 设备不支持指定PAL / NTSC规范
[1:ml1] [NTC] [VID] [1月 22 21:31:6] v4l2_pixfmt_select: 配置选项板索引17。 （YU12）大小1920x1080不起作用。
[1:ml1] [NTC] [VID] [1月 22 21:31:6] v4l2_pixfmt_select: 支持的调色板：
[1:ml1] [NTC] [VID] [1月 22 21:31:6] v4l2_pixfmt_select: (0) MJPG (Motion-JPEG)
[1:ml1] [NTC] [VID] [1月 22 21:31:6] v4l2_pixfmt_select: (1) YUYV (YUYV 4:2:2)
[1:ml1] [NTC] [VID] [1月 22 21:31:6] v4l2_pixfmt_set: 测试调色板 Y U Y V（ 1920x 1080）
[1:ml1] [NTC] [VID] [1月 22 21:31:6] v4l2_pixfmt_set: 使用调色板 Y U Y V（ 1920x 1080）
[1:ml1] [NTC] [VID] [1月 22 21:31:6] v4l2_pixfmt_select: 选定的调色板 YUYV
[1:ml1] [CRT] [NET] [1月 22 21:31:6] motion_init: 子流不可用。图像尺寸不取模16
[1:ml1] [NTC] [ALL] [1月 22 21:31:6] image_ring_resize: 将预捕获缓冲区的大小调整为 1个项目
[1:ml1] [NTC] [ALL] [1月 22 21:31:6] image_ring_resize: 将预捕获缓冲区的大小调整为 4个项目
[1:ml1] [NTC] [ALL] [1月 22 21:31:6] mlp_actions: 事件 1结束
[1:ml1] [NTC] [ALL] [1月 22 21:31:6] motion_loop: 线程退出
[1:ml1] [NTC] [VID] [1月 22 21:31:6] vid_close: 清理V4L2设备
[1:ml1] [NTC] [VID] [1月 22 21:31:6] v4l2_cleanup: 正在关闭视频设备 /dev/video0
[0:motion] [NTC] [ALL] [1月 22 21:31:6] main: 线程完成
[0:motion] [NTC] [ALL] [1月 22 21:31:6] main: 运动终止
[0:motion] [NTC] [ALL] [1月 22 21:31:6] motion_remove_pid: 正在关闭日志文件（ ~/motion/motion.log）。
